ascii letters missing - 1
στὸ χρυσαφὶ ξέφωτο - 1
mirror-drilling machine only - 1
pchnąć w tę - 1
ádrepa sævör grét - 1
only a fake - 1
qui lui permet - 1
bins of figs - 1
น่าฟังเอย ฯ the - 1
king turkish tr - 1
שט בים מאוכזב - 1
beannaithe pór éava - 1
il est question - 1
much larger collection - 1
quizdeltagerne spiste jordbær - 1
cause ambiguë entendue - 1
these sentences since - 1
or eight bins - 1
fume sur son - 1
swarthy driver quickly - 1
экземпляр would a - 1
is now available - 1
où les bûches - 1
world who contributed - 1
bæði víl og - 1
jp hiragana iroha - 1
such pangrams is - 1
more of these - 1
qui pense-t-il diminue - 1
and have some - 1
dans la cause - 1
son île intérieure - 1
all over the - 1
ไม่ถือโทษโกรธแช่งซัดฮึดฮัดด่า หัดอภัยเหมือนกีฬาอัชฌาสัย ปฏิบัติประพฤติกฎกำหนดใจ - 1
med fløde mens - 1
güvendi patient with - 1
fig to push - 1
qualité de son - 1
hizo kilómetros bajo - 1
some more of - 1
да выпей чаю - 1
çabucak güvendi patient - 1
mens cirkusklovnen wolther - 1
intérieure à côté - 1
βδελυγμία spanish es - 1
zwerg zwölf boxkämpfer - 1
loafs and have - 1
ещё этих мягких - 1
うゐのおくやまけふこえて あさきゆめみしゑひもせす katakana - 1
special thanks to - 1
danish da quizdeltagerne - 1
live in the - 1
| ๏ เป็นมนุษย์สุดประเสริฐเลิศคุณค่า - 1
og ádrepa sævör - 1
בים מאוכזב ולפתע - 1
spiste jordbær med - 1
pangrams is now - 1
these fresh french - 1
cirkusklovnen wolther spillede - 1
consument dans l'âtre - 1
zwölf boxkämpfer jagten - 1
to push a - 1
katakana イロハニホヘト チリヌルヲ - 1
öxi hér ykist - 1
at http://en.wikipedia.org/wiki/list_of_pangrams markus - 1
ปฏิบัติประพฤติกฎกำหนดใจ พูดจาให้จ๊ะๆ จ๋าๆ - 1
the computer association - 1
kilómetros bajo exhaustiva - 1
computer association of - 1
quickly special thanks - 1
thanks to the - 1
ケフコエテ アサキユメミシ ヱヒモセスン - 1
people from all - 1
イロハニホヘト チリヌルヲ ワカヨタレソ - 1
non-ascii letters icelandic - 1
letters icelandic is - 1
now available at - 1
hiragana iroha いろはにほへとちりぬるを - 1
ヱヒモセスン hebrew iw - 1
the thai example - 1
hér ykist þjófum - 1
south yes but - 1
bajo exhaustiva lluvia - 1
de l'alcôve ovoïde - 1
the copyright for - 1
greek el γαζέες - 1
se consument dans - 1
พูดจาให้จ๊ะๆ จ๋าๆ น่าฟังเอย - 1
ξεσκεπάζω τὴν ψυχοφθόρα - 1
falsches üben von - 1
французских булок да - 1
son œuvre irish - 1
gaelic ga d'fhuascail - 1
tę łódź jeża - 1
example is owned - 1
hóighe beannaithe pór - 1
этих мягких французских - 1
from all over - 1
หัดอภัยเหมือนกีฬาอัชฌาสัย ปฏิบัติประพฤติกฎกำหนดใจ พูดจาให้จ๊ะๆ - 1
sævör grét áðan - 1
